\BOOKMARK [1][-]{section.1}{Definici\363n inicial del problema}{}% 1
\BOOKMARK [1][-]{section.2}{Modelaci\363n del problema}{}% 2
\BOOKMARK [1][-]{section.3}{Herramientas utilizadas}{}% 3
\BOOKMARK [1][-]{section.4}{Arquitectura: Microservicios}{}% 4
\BOOKMARK [1][-]{section.5}{DHT}{}% 5
\BOOKMARK [2][-]{subsection.5.1}{Kademlia}{section.5}% 6
\BOOKMARK [3][-]{subsubsection.5.1.1}{Nodo}{subsection.5.1}% 7
\BOOKMARK [3][-]{subsubsection.5.1.2}{IDs de Nodo}{subsection.5.1}% 8
\BOOKMARK [3][-]{subsubsection.5.1.3}{Almacenamiento de Clave-Valor}{subsection.5.1}% 9
\BOOKMARK [3][-]{subsubsection.5.1.4}{Tabla de Enrutamiento}{subsection.5.1}% 10
\BOOKMARK [3][-]{subsubsection.5.1.5}{Operaciones de Red}{subsection.5.1}% 11
\BOOKMARK [3][-]{subsubsection.5.1.6}{Proceso de Ingreso de Nodo}{subsection.5.1}% 12
\BOOKMARK [3][-]{subsubsection.5.1.7}{Replicaci\363n y Republicaci\363n de Valores}{subsection.5.1}% 13
\BOOKMARK [3][-]{subsubsection.5.1.8}{Manejo de Fallos de Nodo}{subsection.5.1}% 14
\BOOKMARK [3][-]{subsubsection.5.1.9}{Concurrencia}{subsection.5.1}% 15
\BOOKMARK [3][-]{subsubsection.5.1.10}{Comunicaci\363n: RPCs}{subsection.5.1}% 16
\BOOKMARK [3][-]{subsubsection.5.1.11}{Consistencia y Replicaci\363n: Active replication}{subsection.5.1}% 17
\BOOKMARK [3][-]{subsubsection.5.1.12}{Tolerancia a Fallas}{subsection.5.1}% 18
\BOOKMARK [1][-]{section.6}{Seguridad}{}% 19
\BOOKMARK [2][-]{subsection.6.1}{Autenticaci\363n}{section.6}% 20
\BOOKMARK [2][-]{subsection.6.2}{Autorizaci\363n}{section.6}% 21
